{"timestamp":"2026-03-15T16:23:54.261789Z","level":"info","event":"Stats instance was created in PID 7 but accessed in PID 542. Re-initializing.","logger":"airflow.stats","filename":"stats.py","lineno":57}
{"timestamp":"2026-03-15T16:23:54.383193Z","level":"info","event":"DAG bundles loaded: dags-folder, example_dags","logger":"airflow.dag_processing.bundles.manager.DagBundlesManager","filename":"manager.py","lineno":179}
{"timestamp":"2026-03-15T16:23:54.383451Z","level":"info","event":"Filling up the DagBag from /opt/airflow/dags/medallion_dag.py","logger":"airflow.models.dagbag.BundleDagBag","filename":"dagbag.py","lineno":593}
{"timestamp":"2026-03-15T16:23:54.387056Z","level":"warning","event":"The `airflow.operators.python.PythonOperator` attribute is deprecated. Please use `'airflow.providers.standard.operators.python.PythonOperator'`.","category":"DeprecatedImportWarning","filename":"/opt/airflow/dags/medallion_dag.py","lineno":2,"logger":"py.warnings"}
{"timestamp":"2026-03-15T16:23:54.395818Z","level":"info","event":"Task instance is in running state","logger":"task.stdout"}
{"timestamp":"2026-03-15T16:23:54.395917Z","level":"info","event":" Previous state of the Task instance: TaskInstanceState.QUEUED","logger":"task.stdout"}
{"timestamp":"2026-03-15T16:23:54.395964Z","level":"info","event":"Current task name:init_database","logger":"task.stdout"}
{"timestamp":"2026-03-15T16:23:54.395998Z","level":"info","event":"Dag name:medallion_pipeline","logger":"task.stdout"}
{"timestamp":"2026-03-15T16:23:54.396030Z","level":"info","event":"Running: /opt/airflow/scripts/init_database.sql","logger":"task.stdout"}
{"timestamp":"2026-03-15T16:23:54.398159Z","level":"info","event":"Executing: DROP SCHEMA IF EXISTS bronze CASCADE;...","logger":"task.stdout"}
{"timestamp":"2026-03-15T16:23:54.399405Z","level":"info","event":"Executing: DROP SCHEMA IF EXISTS silver CASCADE;...","logger":"task.stdout"}
{"timestamp":"2026-03-15T16:23:54.399636Z","level":"info","event":"Executing: DROP SCHEMA IF EXISTS gold CASCADE;...","logger":"task.stdout"}
{"timestamp":"2026-03-15T16:23:54.399813Z","level":"info","event":"Executing: CREATE SCHEMA bronze;...","logger":"task.stdout"}
{"timestamp":"2026-03-15T16:23:54.400017Z","level":"info","event":"Executing: CREATE SCHEMA silver;...","logger":"task.stdout"}
{"timestamp":"2026-03-15T16:23:54.400186Z","level":"info","event":"Executing: CREATE SCHEMA gold;...","logger":"task.stdout"}
{"timestamp":"2026-03-15T16:23:54.400371Z","level":"info","event":"Done: /opt/airflow/scripts/init_database.sql","logger":"task.stdout"}
{"timestamp":"2026-03-15T16:23:54.400707Z","level":"info","event":"Done. Returned value was: None","logger":"airflow.task.operators.airflow.providers.standard.operators.python.PythonOperator","filename":"python.py","lineno":230}
{"timestamp":"2026-03-15T16:23:54.407736Z","level":"info","event":"Task instance in success state","logger":"task.stdout"}
{"timestamp":"2026-03-15T16:23:54.409444Z","level":"info","event":" Previous state of the Task instance: TaskInstanceState.RUNNING","logger":"task.stdout"}
{"timestamp":"2026-03-15T16:23:54.409509Z","level":"info","event":"Task operator:<Task(PythonOperator): init_database>","logger":"task.stdout"}
