{"timestamp":"2026-03-15T16:26:50.844595Z","level":"info","event":"Stats instance was created in PID 7 but accessed in PID 589. Re-initializing.","logger":"airflow.stats","filename":"stats.py","lineno":57}
{"timestamp":"2026-03-15T16:26:51.033164Z","level":"info","event":"DAG bundles loaded: dags-folder, example_dags","logger":"airflow.dag_processing.bundles.manager.DagBundlesManager","filename":"manager.py","lineno":179}
{"timestamp":"2026-03-15T16:26:51.033494Z","level":"info","event":"Filling up the DagBag from /opt/airflow/dags/medallion_dag.py","logger":"airflow.models.dagbag.BundleDagBag","filename":"dagbag.py","lineno":593}
{"timestamp":"2026-03-15T16:26:51.038763Z","level":"warning","event":"The `airflow.operators.python.PythonOperator` attribute is deprecated. Please use `'airflow.providers.standard.operators.python.PythonOperator'`.","category":"DeprecatedImportWarning","filename":"/opt/airflow/dags/medallion_dag.py","lineno":2,"logger":"py.warnings"}
{"timestamp":"2026-03-15T16:26:51.051969Z","level":"info","event":"Task instance is in running state","logger":"task.stdout"}
{"timestamp":"2026-03-15T16:26:51.052823Z","level":"info","event":" Previous state of the Task instance: TaskInstanceState.QUEUED","logger":"task.stdout"}
{"timestamp":"2026-03-15T16:26:51.052952Z","level":"info","event":"Current task name:init_database","logger":"task.stdout"}
{"timestamp":"2026-03-15T16:26:51.053019Z","level":"info","event":"Dag name:medallion_pipeline","logger":"task.stdout"}
{"timestamp":"2026-03-15T16:26:51.053362Z","level":"info","event":"Running: /opt/airflow/scripts/init_database.sql","logger":"task.stdout"}
{"timestamp":"2026-03-15T16:26:51.086886Z","level":"info","event":"DROP SCHEMA","logger":"task.stdout"}
{"timestamp":"2026-03-15T16:26:51.087049Z","level":"info","event":"DROP SCHEMA","logger":"task.stdout"}
{"timestamp":"2026-03-15T16:26:51.087290Z","level":"info","event":"DROP SCHEMA","logger":"task.stdout"}
{"timestamp":"2026-03-15T16:26:51.087337Z","level":"info","event":"CREATE SCHEMA","logger":"task.stdout"}
{"timestamp":"2026-03-15T16:26:51.087371Z","level":"info","event":"CREATE SCHEMA","logger":"task.stdout"}
{"timestamp":"2026-03-15T16:26:51.087402Z","level":"info","event":"CREATE SCHEMA","logger":"task.stdout"}
{"timestamp":"2026-03-15T16:26:51.087432Z","level":"info","event":"","logger":"task.stdout"}
{"timestamp":"2026-03-15T16:26:51.087464Z","level":"info","event":"Done: /opt/airflow/scripts/init_database.sql","logger":"task.stdout"}
{"timestamp":"2026-03-15T16:26:51.087121Z","level":"info","event":"Done. Returned value was: None","logger":"airflow.task.operators.airflow.providers.standard.operators.python.PythonOperator","filename":"python.py","lineno":230}
{"timestamp":"2026-03-15T16:26:51.095038Z","level":"info","event":"Task instance in success state","logger":"task.stdout"}
{"timestamp":"2026-03-15T16:26:51.095133Z","level":"info","event":" Previous state of the Task instance: TaskInstanceState.RUNNING","logger":"task.stdout"}
{"timestamp":"2026-03-15T16:26:51.095306Z","level":"info","event":"Task operator:<Task(PythonOperator): init_database>","logger":"task.stdout"}
