{"timestamp":"2026-03-15T16:32:02.502146Z","level":"info","event":"Stats instance was created in PID 7 but accessed in PID 89. Re-initializing.","logger":"airflow.stats","filename":"stats.py","lineno":57}
{"timestamp":"2026-03-15T16:32:02.622510Z","level":"info","event":"DAG bundles loaded: dags-folder, example_dags","logger":"airflow.dag_processing.bundles.manager.DagBundlesManager","filename":"manager.py","lineno":179}
{"timestamp":"2026-03-15T16:32:02.622734Z","level":"info","event":"Filling up the DagBag from /opt/airflow/dags/medallion_dag.py","logger":"airflow.models.dagbag.BundleDagBag","filename":"dagbag.py","lineno":593}
{"timestamp":"2026-03-15T16:32:02.626396Z","level":"warning","event":"The `airflow.operators.python.PythonOperator` attribute is deprecated. Please use `'airflow.providers.standard.operators.python.PythonOperator'`.","category":"DeprecatedImportWarning","filename":"/opt/airflow/dags/medallion_dag.py","lineno":2,"logger":"py.warnings"}
{"timestamp":"2026-03-15T16:32:02.636547Z","level":"info","event":"Task instance is in running state","logger":"task.stdout"}
{"timestamp":"2026-03-15T16:32:02.636654Z","level":"info","event":" Previous state of the Task instance: TaskInstanceState.QUEUED","logger":"task.stdout"}
{"timestamp":"2026-03-15T16:32:02.636743Z","level":"info","event":"Current task name:bronze_ddl","logger":"task.stdout"}
{"timestamp":"2026-03-15T16:32:02.636887Z","level":"info","event":"Dag name:medallion_pipeline","logger":"task.stdout"}
{"timestamp":"2026-03-15T16:32:02.636958Z","level":"info","event":"Running: /opt/airflow/scripts/bronze/ddl_bronze.SQL","logger":"task.stdout"}
{"timestamp":"2026-03-15T16:32:02.654407Z","level":"info","event":"DROP TABLE","logger":"task.stdout"}
{"timestamp":"2026-03-15T16:32:02.654497Z","level":"info","event":"CREATE TABLE","logger":"task.stdout"}
{"timestamp":"2026-03-15T16:32:02.654533Z","level":"info","event":"DROP TABLE","logger":"task.stdout"}
{"timestamp":"2026-03-15T16:32:02.654565Z","level":"info","event":"CREATE TABLE","logger":"task.stdout"}
{"timestamp":"2026-03-15T16:32:02.654601Z","level":"info","event":"DROP TABLE","logger":"task.stdout"}
{"timestamp":"2026-03-15T16:32:02.654636Z","level":"info","event":"CREATE TABLE","logger":"task.stdout"}
{"timestamp":"2026-03-15T16:32:02.654667Z","level":"info","event":"DROP TABLE","logger":"task.stdout"}
{"timestamp":"2026-03-15T16:32:02.654708Z","level":"info","event":"CREATE TABLE","logger":"task.stdout"}
{"timestamp":"2026-03-15T16:32:02.654740Z","level":"info","event":"DROP TABLE","logger":"task.stdout"}
{"timestamp":"2026-03-15T16:32:02.654770Z","level":"info","event":"CREATE TABLE","logger":"task.stdout"}
{"timestamp":"2026-03-15T16:32:02.654800Z","level":"info","event":"DROP TABLE","logger":"task.stdout"}
{"timestamp":"2026-03-15T16:32:02.654830Z","level":"info","event":"CREATE TABLE","logger":"task.stdout"}
{"timestamp":"2026-03-15T16:32:02.654859Z","level":"info","event":"","logger":"task.stdout"}
{"timestamp":"2026-03-15T16:32:02.654890Z","level":"info","event":"Done: /opt/airflow/scripts/bronze/ddl_bronze.SQL","logger":"task.stdout"}
{"timestamp":"2026-03-15T16:32:02.654664Z","level":"info","event":"Done. Returned value was: None","logger":"airflow.task.operators.airflow.providers.standard.operators.python.PythonOperator","filename":"python.py","lineno":230}
{"timestamp":"2026-03-15T16:32:02.660525Z","level":"info","event":"Task instance in success state","logger":"task.stdout"}
{"timestamp":"2026-03-15T16:32:02.660596Z","level":"info","event":" Previous state of the Task instance: TaskInstanceState.RUNNING","logger":"task.stdout"}
{"timestamp":"2026-03-15T16:32:02.660724Z","level":"info","event":"Task operator:<Task(PythonOperator): bronze_ddl>","logger":"task.stdout"}
