{"timestamp":"2026-03-15T16:23:08.665728Z","level":"info","event":"Stats instance was created in PID 7 but accessed in PID 526. Re-initializing.","logger":"airflow.stats","filename":"stats.py","lineno":57}
{"timestamp":"2026-03-15T16:23:08.791794Z","level":"info","event":"DAG bundles loaded: dags-folder, example_dags","logger":"airflow.dag_processing.bundles.manager.DagBundlesManager","filename":"manager.py","lineno":179}
{"timestamp":"2026-03-15T16:23:08.792065Z","level":"info","event":"Filling up the DagBag from /opt/airflow/dags/medallion_dag.py","logger":"airflow.models.dagbag.BundleDagBag","filename":"dagbag.py","lineno":593}
{"timestamp":"2026-03-15T16:23:08.796822Z","level":"warning","event":"The `airflow.operators.python.PythonOperator` attribute is deprecated. Please use `'airflow.providers.standard.operators.python.PythonOperator'`.","category":"DeprecatedImportWarning","filename":"/opt/airflow/dags/medallion_dag.py","lineno":2,"logger":"py.warnings"}
{"timestamp":"2026-03-15T16:23:08.804983Z","level":"info","event":"Task instance is in running state","logger":"task.stdout"}
{"timestamp":"2026-03-15T16:23:08.805079Z","level":"info","event":" Previous state of the Task instance: TaskInstanceState.QUEUED","logger":"task.stdout"}
{"timestamp":"2026-03-15T16:23:08.805181Z","level":"info","event":"Current task name:bronze_ddl","logger":"task.stdout"}
{"timestamp":"2026-03-15T16:23:08.805251Z","level":"info","event":"Dag name:medallion_pipeline","logger":"task.stdout"}
{"timestamp":"2026-03-15T16:23:08.806003Z","level":"info","event":"Running: /opt/airflow/scripts/bronze/ddl_bronze.SQL","logger":"task.stdout"}
{"timestamp":"2026-03-15T16:23:08.807971Z","level":"info","event":"Executing: DROP TABLE IF EXISTS bronze.crm_cust_info;...","logger":"task.stdout"}
{"timestamp":"2026-03-15T16:23:08.808132Z","level":"info","event":"Executing: CREATE TABLE bronze.crm_cust_info (","logger":"task.stdout"}
{"timestamp":"2026-03-15T16:23:08.808176Z","level":"info","event":"    cst_id INT,","logger":"task.stdout"}
{"timestamp":"2026-03-15T16:23:08.808210Z","level":"info","event":"    cst_key VARCHAR(50),","logger":"task.stdout"}
{"timestamp":"2026-03-15T16:23:08.808242Z","level":"info","event":"   ...","logger":"task.stdout"}
{"timestamp":"2026-03-15T16:23:08.809248Z","level":"info","event":"Executing: DROP TABLE IF EXISTS bronze.crm_prd_info;...","logger":"task.stdout"}
{"timestamp":"2026-03-15T16:23:08.809299Z","level":"info","event":"Executing: CREATE TABLE bronze.crm_prd_info (","logger":"task.stdout"}
{"timestamp":"2026-03-15T16:23:08.809336Z","level":"info","event":"    prd_id INT,","logger":"task.stdout"}
{"timestamp":"2026-03-15T16:23:08.809375Z","level":"info","event":"    prd_key VARCHAR(50),","logger":"task.stdout"}
{"timestamp":"2026-03-15T16:23:08.809415Z","level":"info","event":"    ...","logger":"task.stdout"}
{"timestamp":"2026-03-15T16:23:08.809542Z","level":"info","event":"Executing: DROP TABLE IF EXISTS bronze.crm_sales_details;...","logger":"task.stdout"}
{"timestamp":"2026-03-15T16:23:08.809584Z","level":"info","event":"Executing: CREATE TABLE bronze.crm_sales_details (","logger":"task.stdout"}
{"timestamp":"2026-03-15T16:23:08.809614Z","level":"info","event":"    sls_ord_num VARCHAR(50),","logger":"task.stdout"}
{"timestamp":"2026-03-15T16:23:08.809644Z","level":"info","event":"    sls_prd...","logger":"task.stdout"}
{"timestamp":"2026-03-15T16:23:08.809875Z","level":"info","event":"Executing: DROP TABLE IF EXISTS bronze.erp_cust_az12;...","logger":"task.stdout"}
{"timestamp":"2026-03-15T16:23:08.809923Z","level":"info","event":"Executing: CREATE TABLE bronze.erp_cust_az12 (","logger":"task.stdout"}
{"timestamp":"2026-03-15T16:23:08.809965Z","level":"info","event":"    cid VARCHAR(50),","logger":"task.stdout"}
{"timestamp":"2026-03-15T16:23:08.809994Z","level":"info","event":"    bdate DATE,","logger":"task.stdout"}
{"timestamp":"2026-03-15T16:23:08.810035Z","level":"info","event":"    gen...","logger":"task.stdout"}
{"timestamp":"2026-03-15T16:23:08.810249Z","level":"info","event":"Executing: DROP TABLE IF EXISTS bronze.erp_loc_a101;...","logger":"task.stdout"}
{"timestamp":"2026-03-15T16:23:08.810325Z","level":"info","event":"Executing: CREATE TABLE bronze.erp_loc_a101 (","logger":"task.stdout"}
{"timestamp":"2026-03-15T16:23:08.810363Z","level":"info","event":"    cid VARCHAR(50),","logger":"task.stdout"}
{"timestamp":"2026-03-15T16:23:08.810398Z","level":"info","event":"    cntry VARCHAR(50)","logger":"task.stdout"}
{"timestamp":"2026-03-15T16:23:08.810441Z","level":"info","event":");...","logger":"task.stdout"}
{"timestamp":"2026-03-15T16:23:08.810493Z","level":"info","event":"Executing: DROP TABLE IF EXISTS bronze.erp_px_cat_g1v2;...","logger":"task.stdout"}
{"timestamp":"2026-03-15T16:23:08.810549Z","level":"info","event":"Executing: CREATE TABLE bronze.erp_px_cat_g1v2 (","logger":"task.stdout"}
{"timestamp":"2026-03-15T16:23:08.810583Z","level":"info","event":"    id VARCHAR(50),","logger":"task.stdout"}
{"timestamp":"2026-03-15T16:23:08.810617Z","level":"info","event":"    cat VARCHAR(50),","logger":"task.stdout"}
{"timestamp":"2026-03-15T16:23:08.810653Z","level":"info","event":" ...","logger":"task.stdout"}
{"timestamp":"2026-03-15T16:23:08.810804Z","level":"info","event":"Done: /opt/airflow/scripts/bronze/ddl_bronze.SQL","logger":"task.stdout"}
{"timestamp":"2026-03-15T16:23:08.811135Z","level":"info","event":"Done. Returned value was: None","logger":"airflow.task.operators.airflow.providers.standard.operators.python.PythonOperator","filename":"python.py","lineno":230}
{"timestamp":"2026-03-15T16:23:08.816149Z","level":"info","event":"Task instance in success state","logger":"task.stdout"}
{"timestamp":"2026-03-15T16:23:08.816221Z","level":"info","event":" Previous state of the Task instance: TaskInstanceState.RUNNING","logger":"task.stdout"}
{"timestamp":"2026-03-15T16:23:08.816280Z","level":"info","event":"Task operator:<Task(PythonOperator): bronze_ddl>","logger":"task.stdout"}
