{"timestamp":"2026-03-15T16:28:10.059525Z","level":"info","event":"Stats instance was created in PID 7 but accessed in PID 628. Re-initializing.","logger":"airflow.stats","filename":"stats.py","lineno":57}
{"timestamp":"2026-03-15T16:28:10.277824Z","level":"info","event":"DAG bundles loaded: dags-folder, example_dags","logger":"airflow.dag_processing.bundles.manager.DagBundlesManager","filename":"manager.py","lineno":179}
{"timestamp":"2026-03-15T16:28:10.278225Z","level":"info","event":"Filling up the DagBag from /opt/airflow/dags/medallion_dag.py","logger":"airflow.models.dagbag.BundleDagBag","filename":"dagbag.py","lineno":593}
{"timestamp":"2026-03-15T16:28:10.283747Z","level":"warning","event":"The `airflow.operators.python.PythonOperator` attribute is deprecated. Please use `'airflow.providers.standard.operators.python.PythonOperator'`.","category":"DeprecatedImportWarning","filename":"/opt/airflow/dags/medallion_dag.py","lineno":2,"logger":"py.warnings"}
{"timestamp":"2026-03-15T16:28:10.301087Z","level":"info","event":"Task instance is in running state","logger":"task.stdout"}
{"timestamp":"2026-03-15T16:28:10.301809Z","level":"info","event":" Previous state of the Task instance: TaskInstanceState.QUEUED","logger":"task.stdout"}
{"timestamp":"2026-03-15T16:28:10.301918Z","level":"info","event":"Current task name:load_bronze","logger":"task.stdout"}
{"timestamp":"2026-03-15T16:28:10.302174Z","level":"info","event":"Dag name:medallion_pipeline","logger":"task.stdout"}
{"timestamp":"2026-03-15T16:28:10.302283Z","level":"info","event":"Running: /opt/airflow/scripts/bronze/proc_load_bronze.SQL","logger":"task.stdout"}
{"timestamp":"2026-03-15T16:28:10.328878Z","level":"info","event":"CREATE FUNCTION","logger":"task.stdout"}
{"timestamp":"2026-03-15T16:28:10.329074Z","level":"info","event":" load_bronze","logger":"task.stdout"}
{"timestamp":"2026-03-15T16:28:10.329176Z","level":"info","event":"-------------","logger":"task.stdout"}
{"timestamp":"2026-03-15T16:28:10.329257Z","level":"info","event":"","logger":"task.stdout"}
{"timestamp":"2026-03-15T16:28:10.329323Z","level":"info","event":"(1 row)","logger":"task.stdout"}
{"timestamp":"2026-03-15T16:28:10.329382Z","level":"info","event":"","logger":"task.stdout"}
{"timestamp":"2026-03-15T16:28:10.329474Z","level":"info","event":"","logger":"task.stdout"}
{"timestamp":"2026-03-15T16:28:10.329528Z","level":"info","event":"Done: /opt/airflow/scripts/bronze/proc_load_bronze.SQL","logger":"task.stdout"}
{"timestamp":"2026-03-15T16:28:10.329220Z","level":"info","event":"Done. Returned value was: None","logger":"airflow.task.operators.airflow.providers.standard.operators.python.PythonOperator","filename":"python.py","lineno":230}
{"timestamp":"2026-03-15T16:28:10.338947Z","level":"info","event":"Task instance in success state","logger":"task.stdout"}
{"timestamp":"2026-03-15T16:28:10.339124Z","level":"info","event":" Previous state of the Task instance: TaskInstanceState.RUNNING","logger":"task.stdout"}
{"timestamp":"2026-03-15T16:28:10.339296Z","level":"info","event":"Task operator:<Task(PythonOperator): load_bronze>","logger":"task.stdout"}
