{"timestamp":"2026-03-15T16:23:09.757931Z","level":"info","event":"Stats instance was created in PID 7 but accessed in PID 527. Re-initializing.","logger":"airflow.stats","filename":"stats.py","lineno":57}
{"timestamp":"2026-03-15T16:23:09.884783Z","level":"info","event":"DAG bundles loaded: dags-folder, example_dags","logger":"airflow.dag_processing.bundles.manager.DagBundlesManager","filename":"manager.py","lineno":179}
{"timestamp":"2026-03-15T16:23:09.885083Z","level":"info","event":"Filling up the DagBag from /opt/airflow/dags/medallion_dag.py","logger":"airflow.models.dagbag.BundleDagBag","filename":"dagbag.py","lineno":593}
{"timestamp":"2026-03-15T16:23:09.889224Z","level":"warning","event":"The `airflow.operators.python.PythonOperator` attribute is deprecated. Please use `'airflow.providers.standard.operators.python.PythonOperator'`.","category":"DeprecatedImportWarning","filename":"/opt/airflow/dags/medallion_dag.py","lineno":2,"logger":"py.warnings"}
{"timestamp":"2026-03-15T16:23:09.897041Z","level":"info","event":"Task instance is in running state","logger":"task.stdout"}
{"timestamp":"2026-03-15T16:23:09.897142Z","level":"info","event":" Previous state of the Task instance: TaskInstanceState.QUEUED","logger":"task.stdout"}
{"timestamp":"2026-03-15T16:23:09.897242Z","level":"info","event":"Current task name:load_bronze","logger":"task.stdout"}
{"timestamp":"2026-03-15T16:23:09.897307Z","level":"info","event":"Dag name:medallion_pipeline","logger":"task.stdout"}
{"timestamp":"2026-03-15T16:23:09.897993Z","level":"info","event":"Running: /opt/airflow/scripts/bronze/proc_load_bronze.SQL","logger":"task.stdout"}
{"timestamp":"2026-03-15T16:23:09.899882Z","level":"info","event":"Executing: CREATE OR REPLACE FUNCTION bronze.load_bronze()","logger":"task.stdout"}
{"timestamp":"2026-03-15T16:23:09.899942Z","level":"info","event":"RETURNS VOID AS $$","logger":"task.stdout"}
{"timestamp":"2026-03-15T16:23:09.899980Z","level":"info","event":"DECLARE","logger":"task.stdout"}
{"timestamp":"2026-03-15T16:23:09.900024Z","level":"info","event":"    s...","logger":"task.stdout"}
{"timestamp":"2026-03-15T16:23:09.901207Z","level":"error","event":"Task failed with exception","logger":"task","filename":"task_runner.py","lineno":1186,"error_detail":[{"exc_type":"SyntaxError","exc_value":"syntax error at or near \"Loading\"\nLINE 15:     RAISE NOTICE 'Loading CRM Tables';\n                           ^\n","exc_notes":[],"syntax_error":null,"is_cause":false,"frames":[{"filename":"/home/airflow/.local/lib/python3.12/site-packages/airflow/sdk/execution_time/task_runner.py","lineno":1112,"name":"run"},{"filename":"/home/airflow/.local/lib/python3.12/site-packages/airflow/sdk/execution_time/task_runner.py","lineno":1528,"name":"_execute_task"},{"filename":"/home/airflow/.local/lib/python3.12/site-packages/airflow/sdk/bases/operator.py","lineno":417,"name":"wrapper"},{"filename":"/home/airflow/.local/lib/python3.12/site-packages/airflow/providers/standard/operators/python.py","lineno":228,"name":"execute"},{"filename":"/home/airflow/.local/lib/python3.12/site-packages/airflow/providers/standard/operators/python.py","lineno":251,"name":"execute_callable"},{"filename":"/home/airflow/.local/lib/python3.12/site-packages/airflow/sdk/execution_time/callback_runner.py","lineno":82,"name":"run"},{"filename":"/opt/airflow/dags/medallion_dag.py","lineno":35,"name":"<lambda>"},{"filename":"/opt/airflow/pipeline/runner.py","lineno":46,"name":"run_sql_file"}],"is_group":false,"exceptions":[]}]}
{"timestamp":"2026-03-15T16:23:09.907475Z","level":"info","event":"Task instance in failure state","logger":"task.stdout"}
{"timestamp":"2026-03-15T16:23:09.907568Z","level":"info","event":"Task start","logger":"task.stdout"}
{"timestamp":"2026-03-15T16:23:09.907608Z","level":"info","event":"Task:<Task(PythonOperator): load_bronze>","logger":"task.stdout"}
{"timestamp":"2026-03-15T16:23:09.907653Z","level":"info","event":"Failure caused by syntax error at or near \"Loading\"","logger":"task.stdout"}
{"timestamp":"2026-03-15T16:23:09.907691Z","level":"info","event":"LINE 15:     RAISE NOTICE 'Loading CRM Tables';","logger":"task.stdout"}
{"timestamp":"2026-03-15T16:23:09.907871Z","level":"info","event":"                           ^","logger":"task.stdout"}
{"timestamp":"2026-03-15T16:23:09.907940Z","level":"info","event":"","logger":"task.stdout"}
