{"timestamp":"2026-03-15T16:29:00.010431Z","level":"info","event":"Stats instance was created in PID 7 but accessed in PID 662. Re-initializing.","logger":"airflow.stats","filename":"stats.py","lineno":57}
{"timestamp":"2026-03-15T16:29:00.130778Z","level":"info","event":"DAG bundles loaded: dags-folder, example_dags","logger":"airflow.dag_processing.bundles.manager.DagBundlesManager","filename":"manager.py","lineno":179}
{"timestamp":"2026-03-15T16:29:00.131043Z","level":"info","event":"Filling up the DagBag from /opt/airflow/dags/medallion_dag.py","logger":"airflow.models.dagbag.BundleDagBag","filename":"dagbag.py","lineno":593}
{"timestamp":"2026-03-15T16:29:00.134343Z","level":"warning","event":"The `airflow.operators.python.PythonOperator` attribute is deprecated. Please use `'airflow.providers.standard.operators.python.PythonOperator'`.","category":"DeprecatedImportWarning","filename":"/opt/airflow/dags/medallion_dag.py","lineno":2,"logger":"py.warnings"}
{"timestamp":"2026-03-15T16:29:00.141987Z","level":"info","event":"Task instance is in running state","logger":"task.stdout"}
{"timestamp":"2026-03-15T16:29:00.143087Z","level":"info","event":" Previous state of the Task instance: TaskInstanceState.QUEUED","logger":"task.stdout"}
{"timestamp":"2026-03-15T16:29:00.143172Z","level":"info","event":"Current task name:call_load_silver","logger":"task.stdout"}
{"timestamp":"2026-03-15T16:29:00.143245Z","level":"info","event":"Dag name:medallion_pipeline","logger":"task.stdout"}
{"timestamp":"2026-03-15T16:29:00.143298Z","level":"info","event":"Running: /opt/airflow/scripts/silver/proc_load_silver.sql","logger":"task.stdout"}
{"timestamp":"2026-03-15T16:29:00.159165Z","level":"info","event":"CREATE FUNCTION","logger":"task.stdout"}
{"timestamp":"2026-03-15T16:29:00.159251Z","level":"info","event":" load_silver","logger":"task.stdout"}
{"timestamp":"2026-03-15T16:29:00.159314Z","level":"info","event":"-------------","logger":"task.stdout"}
{"timestamp":"2026-03-15T16:29:00.159367Z","level":"info","event":"","logger":"task.stdout"}
{"timestamp":"2026-03-15T16:29:00.159419Z","level":"info","event":"(1 row)","logger":"task.stdout"}
{"timestamp":"2026-03-15T16:29:00.159475Z","level":"info","event":"","logger":"task.stdout"}
{"timestamp":"2026-03-15T16:29:00.159531Z","level":"info","event":"","logger":"task.stdout"}
{"timestamp":"2026-03-15T16:29:00.159589Z","level":"info","event":"Done: /opt/airflow/scripts/silver/proc_load_silver.sql","logger":"task.stdout"}
{"timestamp":"2026-03-15T16:29:00.159383Z","level":"info","event":"Done. Returned value was: None","logger":"airflow.task.operators.airflow.providers.standard.operators.python.PythonOperator","filename":"python.py","lineno":230}
{"timestamp":"2026-03-15T16:29:00.164747Z","level":"info","event":"Task instance in success state","logger":"task.stdout"}
{"timestamp":"2026-03-15T16:29:00.164838Z","level":"info","event":" Previous state of the Task instance: TaskInstanceState.RUNNING","logger":"task.stdout"}
{"timestamp":"2026-03-15T16:29:00.164980Z","level":"info","event":"Task operator:<Task(PythonOperator): call_load_silver>","logger":"task.stdout"}
