{"timestamp":"2026-03-15T16:32:07.787609Z","level":"info","event":"Stats instance was created in PID 7 but accessed in PID 99. Re-initializing.","logger":"airflow.stats","filename":"stats.py","lineno":57}
{"timestamp":"2026-03-15T16:32:07.904360Z","level":"info","event":"DAG bundles loaded: dags-folder, example_dags","logger":"airflow.dag_processing.bundles.manager.DagBundlesManager","filename":"manager.py","lineno":179}
{"timestamp":"2026-03-15T16:32:07.904613Z","level":"info","event":"Filling up the DagBag from /opt/airflow/dags/medallion_dag.py","logger":"airflow.models.dagbag.BundleDagBag","filename":"dagbag.py","lineno":593}
{"timestamp":"2026-03-15T16:32:07.907910Z","level":"warning","event":"The `airflow.operators.python.PythonOperator` attribute is deprecated. Please use `'airflow.providers.standard.operators.python.PythonOperator'`.","category":"DeprecatedImportWarning","filename":"/opt/airflow/dags/medallion_dag.py","lineno":2,"logger":"py.warnings"}
{"timestamp":"2026-03-15T16:32:07.915326Z","level":"info","event":"Task instance is in running state","logger":"task.stdout"}
{"timestamp":"2026-03-15T16:32:07.916272Z","level":"info","event":" Previous state of the Task instance: TaskInstanceState.QUEUED","logger":"task.stdout"}
{"timestamp":"2026-03-15T16:32:07.916348Z","level":"info","event":"Current task name:call_load_silver","logger":"task.stdout"}
{"timestamp":"2026-03-15T16:32:07.916414Z","level":"info","event":"Dag name:medallion_pipeline","logger":"task.stdout"}
{"timestamp":"2026-03-15T16:32:07.916460Z","level":"info","event":"Running: /opt/airflow/scripts/silver/proc_load_silver.sql","logger":"task.stdout"}
{"timestamp":"2026-03-15T16:32:07.951004Z","level":"info","event":"CREATE FUNCTION","logger":"task.stdout"}
{"timestamp":"2026-03-15T16:32:07.951107Z","level":"info","event":" load_silver","logger":"task.stdout"}
{"timestamp":"2026-03-15T16:32:07.951167Z","level":"info","event":"-------------","logger":"task.stdout"}
{"timestamp":"2026-03-15T16:32:07.951221Z","level":"info","event":"","logger":"task.stdout"}
{"timestamp":"2026-03-15T16:32:07.951283Z","level":"info","event":"(1 row)","logger":"task.stdout"}
{"timestamp":"2026-03-15T16:32:07.951364Z","level":"info","event":"","logger":"task.stdout"}
{"timestamp":"2026-03-15T16:32:07.951419Z","level":"info","event":"","logger":"task.stdout"}
{"timestamp":"2026-03-15T16:32:07.951484Z","level":"info","event":"Done: /opt/airflow/scripts/silver/proc_load_silver.sql","logger":"task.stdout"}
{"timestamp":"2026-03-15T16:32:07.951241Z","level":"info","event":"Done. Returned value was: None","logger":"airflow.task.operators.airflow.providers.standard.operators.python.PythonOperator","filename":"python.py","lineno":230}
{"timestamp":"2026-03-15T16:32:07.956659Z","level":"info","event":"Task instance in success state","logger":"task.stdout"}
{"timestamp":"2026-03-15T16:32:07.956722Z","level":"info","event":" Previous state of the Task instance: TaskInstanceState.RUNNING","logger":"task.stdout"}
{"timestamp":"2026-03-15T16:32:07.956845Z","level":"info","event":"Task operator:<Task(PythonOperator): call_load_silver>","logger":"task.stdout"}
