{"timestamp":"2026-03-15T16:26:51.987138Z","level":"info","event":"Stats instance was created in PID 7 but accessed in PID 592. Re-initializing.","logger":"airflow.stats","filename":"stats.py","lineno":57}
{"timestamp":"2026-03-15T16:26:52.161765Z","level":"info","event":"DAG bundles loaded: dags-folder, example_dags","logger":"airflow.dag_processing.bundles.manager.DagBundlesManager","filename":"manager.py","lineno":179}
{"timestamp":"2026-03-15T16:26:52.162091Z","level":"info","event":"Filling up the DagBag from /opt/airflow/dags/medallion_dag.py","logger":"airflow.models.dagbag.BundleDagBag","filename":"dagbag.py","lineno":593}
{"timestamp":"2026-03-15T16:26:52.167303Z","level":"warning","event":"The `airflow.operators.python.PythonOperator` attribute is deprecated. Please use `'airflow.providers.standard.operators.python.PythonOperator'`.","category":"DeprecatedImportWarning","filename":"/opt/airflow/dags/medallion_dag.py","lineno":2,"logger":"py.warnings"}
{"timestamp":"2026-03-15T16:26:52.176767Z","level":"info","event":"Task instance is in running state","logger":"task.stdout"}
{"timestamp":"2026-03-15T16:26:52.177084Z","level":"info","event":" Previous state of the Task instance: TaskInstanceState.QUEUED","logger":"task.stdout"}
{"timestamp":"2026-03-15T16:26:52.177156Z","level":"info","event":"Current task name:bronze_ddl","logger":"task.stdout"}
{"timestamp":"2026-03-15T16:26:52.177201Z","level":"info","event":"Dag name:medallion_pipeline","logger":"task.stdout"}
{"timestamp":"2026-03-15T16:26:52.178603Z","level":"info","event":"Running: /opt/airflow/scripts/bronze/ddl_bronze.SQL","logger":"task.stdout"}
{"timestamp":"2026-03-15T16:26:52.196991Z","level":"info","event":"DROP TABLE","logger":"task.stdout"}
{"timestamp":"2026-03-15T16:26:52.197212Z","level":"info","event":"CREATE TABLE","logger":"task.stdout"}
{"timestamp":"2026-03-15T16:26:52.197564Z","level":"info","event":"DROP TABLE","logger":"task.stdout"}
{"timestamp":"2026-03-15T16:26:52.197629Z","level":"info","event":"CREATE TABLE","logger":"task.stdout"}
{"timestamp":"2026-03-15T16:26:52.197806Z","level":"info","event":"DROP TABLE","logger":"task.stdout"}
{"timestamp":"2026-03-15T16:26:52.197852Z","level":"info","event":"CREATE TABLE","logger":"task.stdout"}
{"timestamp":"2026-03-15T16:26:52.197886Z","level":"info","event":"DROP TABLE","logger":"task.stdout"}
{"timestamp":"2026-03-15T16:26:52.197918Z","level":"info","event":"CREATE TABLE","logger":"task.stdout"}
{"timestamp":"2026-03-15T16:26:52.197949Z","level":"info","event":"DROP TABLE","logger":"task.stdout"}
{"timestamp":"2026-03-15T16:26:52.198067Z","level":"info","event":"CREATE TABLE","logger":"task.stdout"}
{"timestamp":"2026-03-15T16:26:52.198106Z","level":"info","event":"DROP TABLE","logger":"task.stdout"}
{"timestamp":"2026-03-15T16:26:52.198136Z","level":"info","event":"CREATE TABLE","logger":"task.stdout"}
{"timestamp":"2026-03-15T16:26:52.198167Z","level":"info","event":"","logger":"task.stdout"}
{"timestamp":"2026-03-15T16:26:52.198376Z","level":"info","event":"Done: /opt/airflow/scripts/bronze/ddl_bronze.SQL","logger":"task.stdout"}
{"timestamp":"2026-03-15T16:26:52.197246Z","level":"info","event":"Done. Returned value was: None","logger":"airflow.task.operators.airflow.providers.standard.operators.python.PythonOperator","filename":"python.py","lineno":230}
{"timestamp":"2026-03-15T16:26:52.204951Z","level":"info","event":"Task instance in success state","logger":"task.stdout"}
{"timestamp":"2026-03-15T16:26:52.205604Z","level":"info","event":" Previous state of the Task instance: TaskInstanceState.RUNNING","logger":"task.stdout"}
{"timestamp":"2026-03-15T16:26:52.205682Z","level":"info","event":"Task operator:<Task(PythonOperator): bronze_ddl>","logger":"task.stdout"}
