{"timestamp":"2026-03-15T16:16:44.224095Z","level":"info","event":"Stats instance was created in PID 7 but accessed in PID 426. Re-initializing.","logger":"airflow.stats","filename":"stats.py","lineno":57}
{"timestamp":"2026-03-15T16:16:44.385611Z","level":"info","event":"DAG bundles loaded: dags-folder, example_dags","logger":"airflow.dag_processing.bundles.manager.DagBundlesManager","filename":"manager.py","lineno":179}
{"timestamp":"2026-03-15T16:16:44.385899Z","level":"info","event":"Filling up the DagBag from /opt/airflow/dags/medallion_dag.py","logger":"airflow.models.dagbag.BundleDagBag","filename":"dagbag.py","lineno":593}
{"timestamp":"2026-03-15T16:16:44.389816Z","level":"warning","event":"The `airflow.operators.python.PythonOperator` attribute is deprecated. Please use `'airflow.providers.standard.operators.python.PythonOperator'`.","category":"DeprecatedImportWarning","filename":"/opt/airflow/dags/medallion_dag.py","lineno":2,"logger":"py.warnings"}
{"timestamp":"2026-03-15T16:16:44.398787Z","level":"info","event":"Task instance is in running state","logger":"task.stdout"}
{"timestamp":"2026-03-15T16:16:44.398903Z","level":"info","event":" Previous state of the Task instance: TaskInstanceState.QUEUED","logger":"task.stdout"}
{"timestamp":"2026-03-15T16:16:44.398976Z","level":"info","event":"Current task name:bronze_ddl","logger":"task.stdout"}
{"timestamp":"2026-03-15T16:16:44.399015Z","level":"info","event":"Dag name:medallion_pipeline","logger":"task.stdout"}
{"timestamp":"2026-03-15T16:16:44.399648Z","level":"info","event":"Running: /opt/airflow/scripts/bronze/ddl_bronze.SQL","logger":"task.stdout"}
{"timestamp":"2026-03-15T16:16:44.401796Z","level":"info","event":"Executing: /*","logger":"task.stdout"}
{"timestamp":"2026-03-15T16:16:44.401875Z","level":"info","event":"DDL Script: Create Bronze Tables","logger":"task.stdout"}
{"timestamp":"2026-03-15T16:16:44.401951Z","level":"info","event":"  This script ...","logger":"task.stdout"}
{"timestamp":"2026-03-15T16:16:44.402056Z","level":"info","event":"Executing: CREATE TABLE bronze.crm_cust_info (","logger":"task.stdout"}
{"timestamp":"2026-03-15T16:16:44.402125Z","level":"info","event":"    cst_id INT...","logger":"task.stdout"}
{"timestamp":"2026-03-15T16:16:44.402778Z","level":"info","event":"Executing: DROP TABLE IF EXISTS bronze.crm_prd_info...","logger":"task.stdout"}
{"timestamp":"2026-03-15T16:16:44.402846Z","level":"info","event":"Executing: CREATE TABLE bronze.crm_prd_info (","logger":"task.stdout"}
{"timestamp":"2026-03-15T16:16:44.402893Z","level":"info","event":"    prd_id INT,...","logger":"task.stdout"}
{"timestamp":"2026-03-15T16:16:44.403296Z","level":"info","event":"Executing: DROP TABLE IF EXISTS bronze.crm_sales_details...","logger":"task.stdout"}
{"timestamp":"2026-03-15T16:16:44.403367Z","level":"info","event":"Executing: CREATE TABLE bronze.crm_sales_details (","logger":"task.stdout"}
{"timestamp":"2026-03-15T16:16:44.403419Z","level":"info","event":"    sls_or...","logger":"task.stdout"}
{"timestamp":"2026-03-15T16:16:44.403764Z","level":"info","event":"Executing: DROP TABLE IF EXISTS bronze.erp_cust_az12...","logger":"task.stdout"}
{"timestamp":"2026-03-15T16:16:44.403854Z","level":"info","event":"Executing: CREATE TABLE bronze.erp_cust_az12 (","logger":"task.stdout"}
{"timestamp":"2026-03-15T16:16:44.403902Z","level":"info","event":"    cid VARCHA...","logger":"task.stdout"}
{"timestamp":"2026-03-15T16:16:44.404352Z","level":"info","event":"Executing: DROP TABLE IF EXISTS bronze.erp_loc_a101...","logger":"task.stdout"}
{"timestamp":"2026-03-15T16:16:44.404434Z","level":"info","event":"Executing: CREATE TABLE bronze.erp_loc_a101 (","logger":"task.stdout"}
{"timestamp":"2026-03-15T16:16:44.404479Z","level":"info","event":"    cid VARCHAR...","logger":"task.stdout"}
{"timestamp":"2026-03-15T16:16:44.404709Z","level":"info","event":"Executing: DROP TABLE IF EXISTS bronze.erp_px_cat_g1v2...","logger":"task.stdout"}
{"timestamp":"2026-03-15T16:16:44.404780Z","level":"info","event":"Executing: CREATE TABLE bronze.erp_px_cat_g1v2 (","logger":"task.stdout"}
{"timestamp":"2026-03-15T16:16:44.404854Z","level":"info","event":"    id VARCH...","logger":"task.stdout"}
{"timestamp":"2026-03-15T16:16:44.405028Z","level":"info","event":"Done: /opt/airflow/scripts/bronze/ddl_bronze.SQL","logger":"task.stdout"}
{"timestamp":"2026-03-15T16:16:44.405286Z","level":"info","event":"Done. Returned value was: None","logger":"airflow.task.operators.airflow.providers.standard.operators.python.PythonOperator","filename":"python.py","lineno":230}
{"timestamp":"2026-03-15T16:16:44.411603Z","level":"info","event":"Task instance in success state","logger":"task.stdout"}
{"timestamp":"2026-03-15T16:16:44.411684Z","level":"info","event":" Previous state of the Task instance: TaskInstanceState.RUNNING","logger":"task.stdout"}
{"timestamp":"2026-03-15T16:16:44.411735Z","level":"info","event":"Task operator:<Task(PythonOperator): bronze_ddl>","logger":"task.stdout"}
