{"timestamp":"2026-03-15T16:15:56.176498Z","level":"info","event":"Stats instance was created in PID 7 but accessed in PID 409. Re-initializing.","logger":"airflow.stats","filename":"stats.py","lineno":57}
{"timestamp":"2026-03-15T16:15:56.298439Z","level":"info","event":"DAG bundles loaded: dags-folder, example_dags","logger":"airflow.dag_processing.bundles.manager.DagBundlesManager","filename":"manager.py","lineno":179}
{"timestamp":"2026-03-15T16:15:56.298677Z","level":"info","event":"Filling up the DagBag from /opt/airflow/dags/medallion_dag.py","logger":"airflow.models.dagbag.BundleDagBag","filename":"dagbag.py","lineno":593}
{"timestamp":"2026-03-15T16:15:56.302951Z","level":"warning","event":"The `airflow.operators.python.PythonOperator` attribute is deprecated. Please use `'airflow.providers.standard.operators.python.PythonOperator'`.","category":"DeprecatedImportWarning","filename":"/opt/airflow/dags/medallion_dag.py","lineno":2,"logger":"py.warnings"}
{"timestamp":"2026-03-15T16:15:56.310171Z","level":"info","event":"Task instance is in running state","logger":"task.stdout"}
{"timestamp":"2026-03-15T16:15:56.310266Z","level":"info","event":" Previous state of the Task instance: TaskInstanceState.QUEUED","logger":"task.stdout"}
{"timestamp":"2026-03-15T16:15:56.310323Z","level":"info","event":"Current task name:load_bronze","logger":"task.stdout"}
{"timestamp":"2026-03-15T16:15:56.310359Z","level":"info","event":"Dag name:medallion_pipeline","logger":"task.stdout"}
{"timestamp":"2026-03-15T16:15:56.311016Z","level":"info","event":"Running: /opt/airflow/scripts/bronze/proc_load_bronze.SQL","logger":"task.stdout"}
{"timestamp":"2026-03-15T16:15:56.312657Z","level":"info","event":"Executing: /*","logger":"task.stdout"}
{"timestamp":"2026-03-15T16:15:56.312709Z","level":"info","event":"Function: Load Bronze Layer (Source -> Bronze)","logger":"task.stdout"}
{"timestamp":"2026-03-15T16:15:56.312764Z","level":"info","event":"...","logger":"task.stdout"}
{"timestamp":"2026-03-15T16:15:56.312874Z","level":"error","event":"Task failed with exception","logger":"task","filename":"task_runner.py","lineno":1186,"error_detail":[{"exc_type":"SyntaxError","exc_value":"unterminated dollar-quoted string at or near \"$$\nDECLARE\n    start_time TIMESTAMP\"\nLINE 9: RETURNS VOID AS $$\n                        ^\n","exc_notes":[],"syntax_error":null,"is_cause":false,"frames":[{"filename":"/home/airflow/.local/lib/python3.12/site-packages/airflow/sdk/execution_time/task_runner.py","lineno":1112,"name":"run"},{"filename":"/home/airflow/.local/lib/python3.12/site-packages/airflow/sdk/execution_time/task_runner.py","lineno":1528,"name":"_execute_task"},{"filename":"/home/airflow/.local/lib/python3.12/site-packages/airflow/sdk/bases/operator.py","lineno":417,"name":"wrapper"},{"filename":"/home/airflow/.local/lib/python3.12/site-packages/airflow/providers/standard/operators/python.py","lineno":228,"name":"execute"},{"filename":"/home/airflow/.local/lib/python3.12/site-packages/airflow/providers/standard/operators/python.py","lineno":251,"name":"execute_callable"},{"filename":"/home/airflow/.local/lib/python3.12/site-packages/airflow/sdk/execution_time/callback_runner.py","lineno":82,"name":"run"},{"filename":"/opt/airflow/dags/medallion_dag.py","lineno":35,"name":"<lambda>"},{"filename":"/opt/airflow/pipeline/runner.py","lineno":26,"name":"run_sql_file"}],"is_group":false,"exceptions":[]}]}
{"timestamp":"2026-03-15T16:15:56.319275Z","level":"info","event":"Task instance in failure state","logger":"task.stdout"}
{"timestamp":"2026-03-15T16:15:56.319397Z","level":"info","event":"Task start","logger":"task.stdout"}
{"timestamp":"2026-03-15T16:15:56.319468Z","level":"info","event":"Task:<Task(PythonOperator): load_bronze>","logger":"task.stdout"}
{"timestamp":"2026-03-15T16:15:56.319534Z","level":"info","event":"Failure caused by unterminated dollar-quoted string at or near \"$$","logger":"task.stdout"}
{"timestamp":"2026-03-15T16:15:56.319594Z","level":"info","event":"DECLARE","logger":"task.stdout"}
{"timestamp":"2026-03-15T16:15:56.319655Z","level":"info","event":"    start_time TIMESTAMP\"","logger":"task.stdout"}
{"timestamp":"2026-03-15T16:15:56.319759Z","level":"info","event":"LINE 9: RETURNS VOID AS $$","logger":"task.stdout"}
{"timestamp":"2026-03-15T16:15:56.319816Z","level":"info","event":"                        ^","logger":"task.stdout"}
{"timestamp":"2026-03-15T16:15:56.319875Z","level":"info","event":"","logger":"task.stdout"}
