{"timestamp":"2026-03-15T16:16:44.249493Z","level":"info","event":"Stats instance was created in PID 7 but accessed in PID 427. Re-initializing.","logger":"airflow.stats","filename":"stats.py","lineno":57}
{"timestamp":"2026-03-15T16:16:44.415130Z","level":"info","event":"DAG bundles loaded: dags-folder, example_dags","logger":"airflow.dag_processing.bundles.manager.DagBundlesManager","filename":"manager.py","lineno":179}
{"timestamp":"2026-03-15T16:16:44.415447Z","level":"info","event":"Filling up the DagBag from /opt/airflow/dags/medallion_dag.py","logger":"airflow.models.dagbag.BundleDagBag","filename":"dagbag.py","lineno":593}
{"timestamp":"2026-03-15T16:16:44.421698Z","level":"warning","event":"The `airflow.operators.python.PythonOperator` attribute is deprecated. Please use `'airflow.providers.standard.operators.python.PythonOperator'`.","category":"DeprecatedImportWarning","filename":"/opt/airflow/dags/medallion_dag.py","lineno":2,"logger":"py.warnings"}
{"timestamp":"2026-03-15T16:16:44.429745Z","level":"info","event":"Task instance is in running state","logger":"task.stdout"}
{"timestamp":"2026-03-15T16:16:44.429843Z","level":"info","event":" Previous state of the Task instance: TaskInstanceState.QUEUED","logger":"task.stdout"}
{"timestamp":"2026-03-15T16:16:44.429906Z","level":"info","event":"Current task name:gold_ddl","logger":"task.stdout"}
{"timestamp":"2026-03-15T16:16:44.429945Z","level":"info","event":"Dag name:medallion_pipeline","logger":"task.stdout"}
{"timestamp":"2026-03-15T16:16:44.430671Z","level":"info","event":"Running: /opt/airflow/scripts/gold/ddl_gold.sql","logger":"task.stdout"}
{"timestamp":"2026-03-15T16:16:44.432315Z","level":"info","event":"Executing: /*","logger":"task.stdout"}
{"timestamp":"2026-03-15T16:16:44.432361Z","level":"info","event":"DDL Script: Create Gold Views","logger":"task.stdout"}
{"timestamp":"2026-03-15T16:16:44.432394Z","level":"info","event":"  This script cre...","logger":"task.stdout"}
{"timestamp":"2026-03-15T16:16:44.432441Z","level":"info","event":"Executing: CREATE VIEW gold.dim_customers AS","logger":"task.stdout"}
{"timestamp":"2026-03-15T16:16:44.432481Z","level":"info","event":"SELECT","logger":"task.stdout"}
{"timestamp":"2026-03-15T16:16:44.432551Z","level":"info","event":"    ROW_N...","logger":"task.stdout"}
{"timestamp":"2026-03-15T16:16:44.432625Z","level":"error","event":"Task failed with exception","logger":"task","filename":"task_runner.py","lineno":1186,"error_detail":[{"exc_type":"UndefinedTable","exc_value":"relation \"silver.crm_cust_info\" does not exist\nLINE 16: FROM silver.crm_cust_info AS ci\n              ^\n","exc_notes":[],"syntax_error":null,"is_cause":false,"frames":[{"filename":"/home/airflow/.local/lib/python3.12/site-packages/airflow/sdk/execution_time/task_runner.py","lineno":1112,"name":"run"},{"filename":"/home/airflow/.local/lib/python3.12/site-packages/airflow/sdk/execution_time/task_runner.py","lineno":1528,"name":"_execute_task"},{"filename":"/home/airflow/.local/lib/python3.12/site-packages/airflow/sdk/bases/operator.py","lineno":417,"name":"wrapper"},{"filename":"/home/airflow/.local/lib/python3.12/site-packages/airflow/providers/standard/operators/python.py","lineno":228,"name":"execute"},{"filename":"/home/airflow/.local/lib/python3.12/site-packages/airflow/providers/standard/operators/python.py","lineno":251,"name":"execute_callable"},{"filename":"/home/airflow/.local/lib/python3.12/site-packages/airflow/sdk/execution_time/callback_runner.py","lineno":82,"name":"run"},{"filename":"/opt/airflow/dags/medallion_dag.py","lineno":60,"name":"<lambda>"},{"filename":"/opt/airflow/pipeline/runner.py","lineno":26,"name":"run_sql_file"}],"is_group":false,"exceptions":[]}]}
{"timestamp":"2026-03-15T16:16:44.433056Z","level":"info","event":"Task instance in failure state","logger":"task.stdout"}
{"timestamp":"2026-03-15T16:16:44.433133Z","level":"info","event":"Task start","logger":"task.stdout"}
{"timestamp":"2026-03-15T16:16:44.433169Z","level":"info","event":"Task:<Task(PythonOperator): gold_ddl>","logger":"task.stdout"}
{"timestamp":"2026-03-15T16:16:44.433221Z","level":"info","event":"Failure caused by relation \"silver.crm_cust_info\" does not exist","logger":"task.stdout"}
{"timestamp":"2026-03-15T16:16:44.433285Z","level":"info","event":"LINE 16: FROM silver.crm_cust_info AS ci","logger":"task.stdout"}
{"timestamp":"2026-03-15T16:16:44.433316Z","level":"info","event":"              ^","logger":"task.stdout"}
{"timestamp":"2026-03-15T16:16:44.433347Z","level":"info","event":"","logger":"task.stdout"}
