{"timestamp":"2026-03-15T16:28:58.205392Z","level":"info","event":"Stats instance was created in PID 7 but accessed in PID 658. Re-initializing.","logger":"airflow.stats","filename":"stats.py","lineno":57}
{"timestamp":"2026-03-15T16:28:58.330609Z","level":"info","event":"DAG bundles loaded: dags-folder, example_dags","logger":"airflow.dag_processing.bundles.manager.DagBundlesManager","filename":"manager.py","lineno":179}
{"timestamp":"2026-03-15T16:28:58.330921Z","level":"info","event":"Filling up the DagBag from /opt/airflow/dags/medallion_dag.py","logger":"airflow.models.dagbag.BundleDagBag","filename":"dagbag.py","lineno":593}
{"timestamp":"2026-03-15T16:28:58.334495Z","level":"warning","event":"The `airflow.operators.python.PythonOperator` attribute is deprecated. Please use `'airflow.providers.standard.operators.python.PythonOperator'`.","category":"DeprecatedImportWarning","filename":"/opt/airflow/dags/medallion_dag.py","lineno":2,"logger":"py.warnings"}
{"timestamp":"2026-03-15T16:28:58.345437Z","level":"info","event":"Task instance is in running state","logger":"task.stdout"}
{"timestamp":"2026-03-15T16:28:58.346743Z","level":"info","event":" Previous state of the Task instance: TaskInstanceState.QUEUED","logger":"task.stdout"}
{"timestamp":"2026-03-15T16:28:58.346816Z","level":"info","event":"Current task name:silver_ddl","logger":"task.stdout"}
{"timestamp":"2026-03-15T16:28:58.346938Z","level":"info","event":"Dag name:medallion_pipeline","logger":"task.stdout"}
{"timestamp":"2026-03-15T16:28:58.346986Z","level":"info","event":"Running: /opt/airflow/scripts/silver/ddl_silver.sql","logger":"task.stdout"}
{"timestamp":"2026-03-15T16:28:58.363289Z","level":"info","event":"DROP TABLE","logger":"task.stdout"}
{"timestamp":"2026-03-15T16:28:58.363385Z","level":"info","event":"CREATE TABLE","logger":"task.stdout"}
{"timestamp":"2026-03-15T16:28:58.363427Z","level":"info","event":"DROP TABLE","logger":"task.stdout"}
{"timestamp":"2026-03-15T16:28:58.363461Z","level":"info","event":"CREATE TABLE","logger":"task.stdout"}
{"timestamp":"2026-03-15T16:28:58.363525Z","level":"info","event":"DROP TABLE","logger":"task.stdout"}
{"timestamp":"2026-03-15T16:28:58.363582Z","level":"info","event":"","logger":"task.stdout"}
{"timestamp":"2026-03-15T16:28:58.363619Z","level":"info","event":"Done: /opt/airflow/scripts/silver/ddl_silver.sql","logger":"task.stdout"}
{"timestamp":"2026-03-15T16:28:58.363528Z","level":"info","event":"Done. Returned value was: None","logger":"airflow.task.operators.airflow.providers.standard.operators.python.PythonOperator","filename":"python.py","lineno":230}
{"timestamp":"2026-03-15T16:28:58.371090Z","level":"info","event":"Task instance in success state","logger":"task.stdout"}
{"timestamp":"2026-03-15T16:28:58.371217Z","level":"info","event":" Previous state of the Task instance: TaskInstanceState.RUNNING","logger":"task.stdout"}
{"timestamp":"2026-03-15T16:28:58.372278Z","level":"info","event":"Task operator:<Task(PythonOperator): silver_ddl>","logger":"task.stdout"}
