{"timestamp":"2026-03-15T16:32:05.602372Z","level":"info","event":"Stats instance was created in PID 7 but accessed in PID 95. Re-initializing.","logger":"airflow.stats","filename":"stats.py","lineno":57}
{"timestamp":"2026-03-15T16:32:05.716666Z","level":"info","event":"DAG bundles loaded: dags-folder, example_dags","logger":"airflow.dag_processing.bundles.manager.DagBundlesManager","filename":"manager.py","lineno":179}
{"timestamp":"2026-03-15T16:32:05.716903Z","level":"info","event":"Filling up the DagBag from /opt/airflow/dags/medallion_dag.py","logger":"airflow.models.dagbag.BundleDagBag","filename":"dagbag.py","lineno":593}
{"timestamp":"2026-03-15T16:32:05.720798Z","level":"warning","event":"The `airflow.operators.python.PythonOperator` attribute is deprecated. Please use `'airflow.providers.standard.operators.python.PythonOperator'`.","category":"DeprecatedImportWarning","filename":"/opt/airflow/dags/medallion_dag.py","lineno":2,"logger":"py.warnings"}
{"timestamp":"2026-03-15T16:32:05.729350Z","level":"info","event":"Task instance is in running state","logger":"task.stdout"}
{"timestamp":"2026-03-15T16:32:05.729941Z","level":"info","event":" Previous state of the Task instance: TaskInstanceState.QUEUED","logger":"task.stdout"}
{"timestamp":"2026-03-15T16:32:05.730022Z","level":"info","event":"Current task name:silver_ddl","logger":"task.stdout"}
{"timestamp":"2026-03-15T16:32:05.730169Z","level":"info","event":"Dag name:medallion_pipeline","logger":"task.stdout"}
{"timestamp":"2026-03-15T16:32:05.730263Z","level":"info","event":"Running: /opt/airflow/scripts/silver/ddl_silver.sql","logger":"task.stdout"}
{"timestamp":"2026-03-15T16:32:05.744636Z","level":"info","event":"DROP TABLE","logger":"task.stdout"}
{"timestamp":"2026-03-15T16:32:05.744764Z","level":"info","event":"CREATE TABLE","logger":"task.stdout"}
{"timestamp":"2026-03-15T16:32:05.744895Z","level":"info","event":"DROP TABLE","logger":"task.stdout"}
{"timestamp":"2026-03-15T16:32:05.744994Z","level":"info","event":"CREATE TABLE","logger":"task.stdout"}
{"timestamp":"2026-03-15T16:32:05.745052Z","level":"info","event":"DROP TABLE","logger":"task.stdout"}
{"timestamp":"2026-03-15T16:32:05.745110Z","level":"info","event":"","logger":"task.stdout"}
{"timestamp":"2026-03-15T16:32:05.745169Z","level":"info","event":"Done: /opt/airflow/scripts/silver/ddl_silver.sql","logger":"task.stdout"}
{"timestamp":"2026-03-15T16:32:05.744901Z","level":"info","event":"Done. Returned value was: None","logger":"airflow.task.operators.airflow.providers.standard.operators.python.PythonOperator","filename":"python.py","lineno":230}
{"timestamp":"2026-03-15T16:32:05.750483Z","level":"info","event":"Task instance in success state","logger":"task.stdout"}
{"timestamp":"2026-03-15T16:32:05.750550Z","level":"info","event":" Previous state of the Task instance: TaskInstanceState.RUNNING","logger":"task.stdout"}
{"timestamp":"2026-03-15T16:32:05.750672Z","level":"info","event":"Task operator:<Task(PythonOperator): silver_ddl>","logger":"task.stdout"}
