{"timestamp":"2026-03-15T16:26:53.131525Z","level":"info","event":"Stats instance was created in PID 7 but accessed in PID 602. Re-initializing.","logger":"airflow.stats","filename":"stats.py","lineno":57}
{"timestamp":"2026-03-15T16:26:53.265138Z","level":"info","event":"DAG bundles loaded: dags-folder, example_dags","logger":"airflow.dag_processing.bundles.manager.DagBundlesManager","filename":"manager.py","lineno":179}
{"timestamp":"2026-03-15T16:26:53.265395Z","level":"info","event":"Filling up the DagBag from /opt/airflow/dags/medallion_dag.py","logger":"airflow.models.dagbag.BundleDagBag","filename":"dagbag.py","lineno":593}
{"timestamp":"2026-03-15T16:26:53.270102Z","level":"warning","event":"The `airflow.operators.python.PythonOperator` attribute is deprecated. Please use `'airflow.providers.standard.operators.python.PythonOperator'`.","category":"DeprecatedImportWarning","filename":"/opt/airflow/dags/medallion_dag.py","lineno":2,"logger":"py.warnings"}
{"timestamp":"2026-03-15T16:26:53.282418Z","level":"info","event":"Task instance is in running state","logger":"task.stdout"}
{"timestamp":"2026-03-15T16:26:53.282532Z","level":"info","event":" Previous state of the Task instance: TaskInstanceState.QUEUED","logger":"task.stdout"}
{"timestamp":"2026-03-15T16:26:53.282720Z","level":"info","event":"Current task name:load_bronze","logger":"task.stdout"}
{"timestamp":"2026-03-15T16:26:53.282779Z","level":"info","event":"Dag name:medallion_pipeline","logger":"task.stdout"}
{"timestamp":"2026-03-15T16:26:53.283665Z","level":"info","event":"Running: /opt/airflow/scripts/bronze/proc_load_bronze.SQL","logger":"task.stdout"}
{"timestamp":"2026-03-15T16:26:53.301231Z","level":"info","event":"CREATE FUNCTION","logger":"task.stdout"}
{"timestamp":"2026-03-15T16:26:53.301338Z","level":"info","event":" load_bronze","logger":"task.stdout"}
{"timestamp":"2026-03-15T16:26:53.301426Z","level":"info","event":"-------------","logger":"task.stdout"}
{"timestamp":"2026-03-15T16:26:53.301494Z","level":"info","event":"","logger":"task.stdout"}
{"timestamp":"2026-03-15T16:26:53.301534Z","level":"info","event":"(1 row)","logger":"task.stdout"}
{"timestamp":"2026-03-15T16:26:53.301568Z","level":"info","event":"","logger":"task.stdout"}
{"timestamp":"2026-03-15T16:26:53.301608Z","level":"info","event":"","logger":"task.stdout"}
{"timestamp":"2026-03-15T16:26:53.301676Z","level":"info","event":"Done: /opt/airflow/scripts/bronze/proc_load_bronze.SQL","logger":"task.stdout"}
{"timestamp":"2026-03-15T16:26:53.301468Z","level":"info","event":"Done. Returned value was: None","logger":"airflow.task.operators.airflow.providers.standard.operators.python.PythonOperator","filename":"python.py","lineno":230}
{"timestamp":"2026-03-15T16:26:53.307177Z","level":"info","event":"Task instance in success state","logger":"task.stdout"}
{"timestamp":"2026-03-15T16:26:53.307248Z","level":"info","event":" Previous state of the Task instance: TaskInstanceState.RUNNING","logger":"task.stdout"}
{"timestamp":"2026-03-15T16:26:53.308003Z","level":"info","event":"Task operator:<Task(PythonOperator): load_bronze>","logger":"task.stdout"}
