{"timestamp":"2026-03-15T16:28:59.308498Z","level":"info","event":"Stats instance was created in PID 7 but accessed in PID 660. Re-initializing.","logger":"airflow.stats","filename":"stats.py","lineno":57}
{"timestamp":"2026-03-15T16:28:59.431471Z","level":"info","event":"DAG bundles loaded: dags-folder, example_dags","logger":"airflow.dag_processing.bundles.manager.DagBundlesManager","filename":"manager.py","lineno":179}
{"timestamp":"2026-03-15T16:28:59.431723Z","level":"info","event":"Filling up the DagBag from /opt/airflow/dags/medallion_dag.py","logger":"airflow.models.dagbag.BundleDagBag","filename":"dagbag.py","lineno":593}
{"timestamp":"2026-03-15T16:28:59.435813Z","level":"warning","event":"The `airflow.operators.python.PythonOperator` attribute is deprecated. Please use `'airflow.providers.standard.operators.python.PythonOperator'`.","category":"DeprecatedImportWarning","filename":"/opt/airflow/dags/medallion_dag.py","lineno":2,"logger":"py.warnings"}
{"timestamp":"2026-03-15T16:28:59.444959Z","level":"info","event":"Task instance is in running state","logger":"task.stdout"}
{"timestamp":"2026-03-15T16:28:59.445065Z","level":"info","event":" Previous state of the Task instance: TaskInstanceState.QUEUED","logger":"task.stdout"}
{"timestamp":"2026-03-15T16:28:59.445117Z","level":"info","event":"Current task name:load_silver","logger":"task.stdout"}
{"timestamp":"2026-03-15T16:28:59.445164Z","level":"info","event":"Dag name:medallion_pipeline","logger":"task.stdout"}
{"timestamp":"2026-03-15T16:28:59.445210Z","level":"info","event":"Running: /opt/airflow/scripts/silver/proc_load_silver.sql","logger":"task.stdout"}
{"timestamp":"2026-03-15T16:28:59.461371Z","level":"info","event":"CREATE FUNCTION","logger":"task.stdout"}
{"timestamp":"2026-03-15T16:28:59.461468Z","level":"info","event":" load_silver","logger":"task.stdout"}
{"timestamp":"2026-03-15T16:28:59.461510Z","level":"info","event":"-------------","logger":"task.stdout"}
{"timestamp":"2026-03-15T16:28:59.461543Z","level":"info","event":"","logger":"task.stdout"}
{"timestamp":"2026-03-15T16:28:59.461600Z","level":"info","event":"(1 row)","logger":"task.stdout"}
{"timestamp":"2026-03-15T16:28:59.461663Z","level":"info","event":"","logger":"task.stdout"}
{"timestamp":"2026-03-15T16:28:59.461702Z","level":"info","event":"","logger":"task.stdout"}
{"timestamp":"2026-03-15T16:28:59.461735Z","level":"info","event":"Done: /opt/airflow/scripts/silver/proc_load_silver.sql","logger":"task.stdout"}
{"timestamp":"2026-03-15T16:28:59.461602Z","level":"info","event":"Done. Returned value was: None","logger":"airflow.task.operators.airflow.providers.standard.operators.python.PythonOperator","filename":"python.py","lineno":230}
{"timestamp":"2026-03-15T16:28:59.466903Z","level":"info","event":"Task instance in success state","logger":"task.stdout"}
{"timestamp":"2026-03-15T16:28:59.466971Z","level":"info","event":" Previous state of the Task instance: TaskInstanceState.RUNNING","logger":"task.stdout"}
{"timestamp":"2026-03-15T16:28:59.467109Z","level":"info","event":"Task operator:<Task(PythonOperator): load_silver>","logger":"task.stdout"}
