{"timestamp":"2026-03-15T16:32:00.729954Z","level":"info","event":"Stats instance was created in PID 7 but accessed in PID 80. Re-initializing.","logger":"airflow.stats","filename":"stats.py","lineno":57}
{"timestamp":"2026-03-15T16:32:01.438424Z","level":"info","event":"DAG bundles loaded: dags-folder, example_dags","logger":"airflow.dag_processing.bundles.manager.DagBundlesManager","filename":"manager.py","lineno":179}
{"timestamp":"2026-03-15T16:32:01.438796Z","level":"info","event":"Filling up the DagBag from /opt/airflow/dags/medallion_dag.py","logger":"airflow.models.dagbag.BundleDagBag","filename":"dagbag.py","lineno":593}
{"timestamp":"2026-03-15T16:32:01.449617Z","level":"warning","event":"The `airflow.operators.python.PythonOperator` attribute is deprecated. Please use `'airflow.providers.standard.operators.python.PythonOperator'`.","category":"DeprecatedImportWarning","filename":"/opt/airflow/dags/medallion_dag.py","lineno":2,"logger":"py.warnings"}
{"timestamp":"2026-03-15T16:32:01.469734Z","level":"info","event":"Task instance is in running state","logger":"task.stdout"}
{"timestamp":"2026-03-15T16:32:01.470572Z","level":"info","event":" Previous state of the Task instance: TaskInstanceState.QUEUED","logger":"task.stdout"}
{"timestamp":"2026-03-15T16:32:01.471235Z","level":"info","event":"Current task name:init_database","logger":"task.stdout"}
{"timestamp":"2026-03-15T16:32:01.471343Z","level":"info","event":"Dag name:medallion_pipeline","logger":"task.stdout"}
{"timestamp":"2026-03-15T16:32:01.471417Z","level":"info","event":"Running: /opt/airflow/scripts/init_database.sql","logger":"task.stdout"}
{"timestamp":"2026-03-15T16:32:01.493424Z","level":"info","event":"DROP SCHEMA","logger":"task.stdout"}
{"timestamp":"2026-03-15T16:32:01.493587Z","level":"info","event":"DROP SCHEMA","logger":"task.stdout"}
{"timestamp":"2026-03-15T16:32:01.493660Z","level":"info","event":"DROP SCHEMA","logger":"task.stdout"}
{"timestamp":"2026-03-15T16:32:01.493714Z","level":"info","event":"CREATE SCHEMA","logger":"task.stdout"}
{"timestamp":"2026-03-15T16:32:01.493751Z","level":"info","event":"CREATE SCHEMA","logger":"task.stdout"}
{"timestamp":"2026-03-15T16:32:01.493783Z","level":"info","event":"CREATE SCHEMA","logger":"task.stdout"}
{"timestamp":"2026-03-15T16:32:01.493817Z","level":"info","event":"","logger":"task.stdout"}
{"timestamp":"2026-03-15T16:32:01.493864Z","level":"info","event":"Done: /opt/airflow/scripts/init_database.sql","logger":"task.stdout"}
{"timestamp":"2026-03-15T16:32:01.493663Z","level":"info","event":"Done. Returned value was: None","logger":"airflow.task.operators.airflow.providers.standard.operators.python.PythonOperator","filename":"python.py","lineno":230}
{"timestamp":"2026-03-15T16:32:01.505728Z","level":"info","event":"Task instance in success state","logger":"task.stdout"}
{"timestamp":"2026-03-15T16:32:01.505855Z","level":"info","event":" Previous state of the Task instance: TaskInstanceState.RUNNING","logger":"task.stdout"}
{"timestamp":"2026-03-15T16:32:01.505928Z","level":"info","event":"Task operator:<Task(PythonOperator): init_database>","logger":"task.stdout"}
