{"timestamp":"2026-03-15T16:38:38.889233Z","level":"info","event":"Stats instance was created in PID 7 but accessed in PID 197. Re-initializing.","logger":"airflow.stats","filename":"stats.py","lineno":57}
{"timestamp":"2026-03-15T16:38:39.006614Z","level":"info","event":"DAG bundles loaded: dags-folder, example_dags","logger":"airflow.dag_processing.bundles.manager.DagBundlesManager","filename":"manager.py","lineno":179}
{"timestamp":"2026-03-15T16:38:39.006826Z","level":"info","event":"Filling up the DagBag from /opt/airflow/dags/medallion_dag.py","logger":"airflow.models.dagbag.BundleDagBag","filename":"dagbag.py","lineno":593}
{"timestamp":"2026-03-15T16:38:39.010362Z","level":"warning","event":"The `airflow.operators.python.PythonOperator` attribute is deprecated. Please use `'airflow.providers.standard.operators.python.PythonOperator'`.","category":"DeprecatedImportWarning","filename":"/opt/airflow/dags/medallion_dag.py","lineno":2,"logger":"py.warnings"}
{"timestamp":"2026-03-15T16:38:39.018370Z","level":"info","event":"Task instance is in running state","logger":"task.stdout"}
{"timestamp":"2026-03-15T16:38:39.018660Z","level":"info","event":" Previous state of the Task instance: TaskInstanceState.QUEUED","logger":"task.stdout"}
{"timestamp":"2026-03-15T16:38:39.018721Z","level":"info","event":"Current task name:load_silver","logger":"task.stdout"}
{"timestamp":"2026-03-15T16:38:39.018818Z","level":"info","event":"Dag name:medallion_pipeline","logger":"task.stdout"}
{"timestamp":"2026-03-15T16:38:39.018878Z","level":"info","event":"Running: /opt/airflow/scripts/silver/proc_load_silver.sql","logger":"task.stdout"}
{"timestamp":"2026-03-15T16:38:39.156448Z","level":"info","event":"CREATE FUNCTION","logger":"task.stdout"}
{"timestamp":"2026-03-15T16:38:39.156567Z","level":"info","event":" load_silver","logger":"task.stdout"}
{"timestamp":"2026-03-15T16:38:39.156610Z","level":"info","event":"-------------","logger":"task.stdout"}
{"timestamp":"2026-03-15T16:38:39.156644Z","level":"info","event":"","logger":"task.stdout"}
{"timestamp":"2026-03-15T16:38:39.156677Z","level":"info","event":"(1 row)","logger":"task.stdout"}
{"timestamp":"2026-03-15T16:38:39.156708Z","level":"info","event":"","logger":"task.stdout"}
{"timestamp":"2026-03-15T16:38:39.156739Z","level":"info","event":"","logger":"task.stdout"}
{"timestamp":"2026-03-15T16:38:39.156769Z","level":"info","event":"Done: /opt/airflow/scripts/silver/proc_load_silver.sql","logger":"task.stdout"}
{"timestamp":"2026-03-15T16:38:39.156715Z","level":"info","event":"Done. Returned value was: None","logger":"airflow.task.operators.airflow.providers.standard.operators.python.PythonOperator","filename":"python.py","lineno":230}
{"timestamp":"2026-03-15T16:38:39.162308Z","level":"info","event":"Task instance in success state","logger":"task.stdout"}
{"timestamp":"2026-03-15T16:38:39.162401Z","level":"info","event":" Previous state of the Task instance: TaskInstanceState.RUNNING","logger":"task.stdout"}
{"timestamp":"2026-03-15T16:38:39.162534Z","level":"info","event":"Task operator:<Task(PythonOperator): load_silver>","logger":"task.stdout"}
