{"timestamp":"2026-03-15T16:32:04.673407Z","level":"info","event":"Stats instance was created in PID 7 but accessed in PID 93. Re-initializing.","logger":"airflow.stats","filename":"stats.py","lineno":57}
{"timestamp":"2026-03-15T16:32:04.790140Z","level":"info","event":"DAG bundles loaded: dags-folder, example_dags","logger":"airflow.dag_processing.bundles.manager.DagBundlesManager","filename":"manager.py","lineno":179}
{"timestamp":"2026-03-15T16:32:04.790388Z","level":"info","event":"Filling up the DagBag from /opt/airflow/dags/medallion_dag.py","logger":"airflow.models.dagbag.BundleDagBag","filename":"dagbag.py","lineno":593}
{"timestamp":"2026-03-15T16:32:04.793712Z","level":"warning","event":"The `airflow.operators.python.PythonOperator` attribute is deprecated. Please use `'airflow.providers.standard.operators.python.PythonOperator'`.","category":"DeprecatedImportWarning","filename":"/opt/airflow/dags/medallion_dag.py","lineno":2,"logger":"py.warnings"}
{"timestamp":"2026-03-15T16:32:04.801587Z","level":"info","event":"Task instance is in running state","logger":"task.stdout"}
{"timestamp":"2026-03-15T16:32:04.802348Z","level":"info","event":" Previous state of the Task instance: TaskInstanceState.QUEUED","logger":"task.stdout"}
{"timestamp":"2026-03-15T16:32:04.802626Z","level":"info","event":"Current task name:call_load_bronze","logger":"task.stdout"}
{"timestamp":"2026-03-15T16:32:04.802697Z","level":"info","event":"Dag name:medallion_pipeline","logger":"task.stdout"}
{"timestamp":"2026-03-15T16:32:04.802829Z","level":"info","event":"Running: /opt/airflow/scripts/bronze/proc_load_bronze.SQL","logger":"task.stdout"}
{"timestamp":"2026-03-15T16:32:04.881110Z","level":"info","event":"CREATE FUNCTION","logger":"task.stdout"}
{"timestamp":"2026-03-15T16:32:04.881204Z","level":"info","event":" load_bronze","logger":"task.stdout"}
{"timestamp":"2026-03-15T16:32:04.881242Z","level":"info","event":"-------------","logger":"task.stdout"}
{"timestamp":"2026-03-15T16:32:04.881285Z","level":"info","event":"","logger":"task.stdout"}
{"timestamp":"2026-03-15T16:32:04.881318Z","level":"info","event":"(1 row)","logger":"task.stdout"}
{"timestamp":"2026-03-15T16:32:04.881348Z","level":"info","event":"","logger":"task.stdout"}
{"timestamp":"2026-03-15T16:32:04.881381Z","level":"info","event":"","logger":"task.stdout"}
{"timestamp":"2026-03-15T16:32:04.881412Z","level":"info","event":"Done: /opt/airflow/scripts/bronze/proc_load_bronze.SQL","logger":"task.stdout"}
{"timestamp":"2026-03-15T16:32:04.880994Z","level":"info","event":"Done. Returned value was: None","logger":"airflow.task.operators.airflow.providers.standard.operators.python.PythonOperator","filename":"python.py","lineno":230}
{"timestamp":"2026-03-15T16:32:04.886613Z","level":"info","event":"Task instance in success state","logger":"task.stdout"}
{"timestamp":"2026-03-15T16:32:04.886684Z","level":"info","event":" Previous state of the Task instance: TaskInstanceState.RUNNING","logger":"task.stdout"}
{"timestamp":"2026-03-15T16:32:04.887414Z","level":"info","event":"Task operator:<Task(PythonOperator): call_load_bronze>","logger":"task.stdout"}
