{"timestamp":"2026-03-15T16:26:54.223088Z","level":"info","event":"Stats instance was created in PID 7 but accessed in PID 604. Re-initializing.","logger":"airflow.stats","filename":"stats.py","lineno":57}
{"timestamp":"2026-03-15T16:26:54.350773Z","level":"info","event":"DAG bundles loaded: dags-folder, example_dags","logger":"airflow.dag_processing.bundles.manager.DagBundlesManager","filename":"manager.py","lineno":179}
{"timestamp":"2026-03-15T16:26:54.350994Z","level":"info","event":"Filling up the DagBag from /opt/airflow/dags/medallion_dag.py","logger":"airflow.models.dagbag.BundleDagBag","filename":"dagbag.py","lineno":593}
{"timestamp":"2026-03-15T16:26:54.355106Z","level":"warning","event":"The `airflow.operators.python.PythonOperator` attribute is deprecated. Please use `'airflow.providers.standard.operators.python.PythonOperator'`.","category":"DeprecatedImportWarning","filename":"/opt/airflow/dags/medallion_dag.py","lineno":2,"logger":"py.warnings"}
{"timestamp":"2026-03-15T16:26:54.363886Z","level":"info","event":"Task instance is in running state","logger":"task.stdout"}
{"timestamp":"2026-03-15T16:26:54.364172Z","level":"info","event":" Previous state of the Task instance: TaskInstanceState.QUEUED","logger":"task.stdout"}
{"timestamp":"2026-03-15T16:26:54.364261Z","level":"info","event":"Current task name:call_load_bronze","logger":"task.stdout"}
{"timestamp":"2026-03-15T16:26:54.364405Z","level":"info","event":"Dag name:medallion_pipeline","logger":"task.stdout"}
{"timestamp":"2026-03-15T16:26:54.364496Z","level":"info","event":"Running: /opt/airflow/scripts/bronze/proc_load_bronze.SQL","logger":"task.stdout"}
{"timestamp":"2026-03-15T16:26:54.380493Z","level":"info","event":"CREATE FUNCTION","logger":"task.stdout"}
{"timestamp":"2026-03-15T16:26:54.380594Z","level":"info","event":" load_bronze","logger":"task.stdout"}
{"timestamp":"2026-03-15T16:26:54.380660Z","level":"info","event":"-------------","logger":"task.stdout"}
{"timestamp":"2026-03-15T16:26:54.380705Z","level":"info","event":"","logger":"task.stdout"}
{"timestamp":"2026-03-15T16:26:54.380756Z","level":"info","event":"(1 row)","logger":"task.stdout"}
{"timestamp":"2026-03-15T16:26:54.380817Z","level":"info","event":"","logger":"task.stdout"}
{"timestamp":"2026-03-15T16:26:54.380876Z","level":"info","event":"","logger":"task.stdout"}
{"timestamp":"2026-03-15T16:26:54.380947Z","level":"info","event":"Done: /opt/airflow/scripts/bronze/proc_load_bronze.SQL","logger":"task.stdout"}
{"timestamp":"2026-03-15T16:26:54.380722Z","level":"info","event":"Done. Returned value was: None","logger":"airflow.task.operators.airflow.providers.standard.operators.python.PythonOperator","filename":"python.py","lineno":230}
{"timestamp":"2026-03-15T16:26:54.386071Z","level":"info","event":"Task instance in success state","logger":"task.stdout"}
{"timestamp":"2026-03-15T16:26:54.386122Z","level":"info","event":" Previous state of the Task instance: TaskInstanceState.RUNNING","logger":"task.stdout"}
{"timestamp":"2026-03-15T16:26:54.386258Z","level":"info","event":"Task operator:<Task(PythonOperator): call_load_bronze>","logger":"task.stdout"}
