{"timestamp":"2026-03-15T16:38:34.306333Z","level":"info","event":"Stats instance was created in PID 7 but accessed in PID 189. Re-initializing.","logger":"airflow.stats","filename":"stats.py","lineno":57}
{"timestamp":"2026-03-15T16:38:34.430442Z","level":"info","event":"DAG bundles loaded: dags-folder, example_dags","logger":"airflow.dag_processing.bundles.manager.DagBundlesManager","filename":"manager.py","lineno":179}
{"timestamp":"2026-03-15T16:38:34.430676Z","level":"info","event":"Filling up the DagBag from /opt/airflow/dags/medallion_dag.py","logger":"airflow.models.dagbag.BundleDagBag","filename":"dagbag.py","lineno":593}
{"timestamp":"2026-03-15T16:38:34.434426Z","level":"warning","event":"The `airflow.operators.python.PythonOperator` attribute is deprecated. Please use `'airflow.providers.standard.operators.python.PythonOperator'`.","category":"DeprecatedImportWarning","filename":"/opt/airflow/dags/medallion_dag.py","lineno":2,"logger":"py.warnings"}
{"timestamp":"2026-03-15T16:38:34.443327Z","level":"info","event":"Task instance is in running state","logger":"task.stdout"}
{"timestamp":"2026-03-15T16:38:34.443423Z","level":"info","event":" Previous state of the Task instance: TaskInstanceState.QUEUED","logger":"task.stdout"}
{"timestamp":"2026-03-15T16:38:34.443490Z","level":"info","event":"Current task name:bronze_ddl","logger":"task.stdout"}
{"timestamp":"2026-03-15T16:38:34.443588Z","level":"info","event":"Dag name:medallion_pipeline","logger":"task.stdout"}
{"timestamp":"2026-03-15T16:38:34.443659Z","level":"info","event":"Running: /opt/airflow/scripts/bronze/ddl_bronze.SQL","logger":"task.stdout"}
{"timestamp":"2026-03-15T16:38:34.464385Z","level":"info","event":"DROP TABLE","logger":"task.stdout"}
{"timestamp":"2026-03-15T16:38:34.464481Z","level":"info","event":"CREATE TABLE","logger":"task.stdout"}
{"timestamp":"2026-03-15T16:38:34.464519Z","level":"info","event":"DROP TABLE","logger":"task.stdout"}
{"timestamp":"2026-03-15T16:38:34.464557Z","level":"info","event":"CREATE TABLE","logger":"task.stdout"}
{"timestamp":"2026-03-15T16:38:34.464609Z","level":"info","event":"DROP TABLE","logger":"task.stdout"}
{"timestamp":"2026-03-15T16:38:34.464668Z","level":"info","event":"CREATE TABLE","logger":"task.stdout"}
{"timestamp":"2026-03-15T16:38:34.464708Z","level":"info","event":"DROP TABLE","logger":"task.stdout"}
{"timestamp":"2026-03-15T16:38:34.464746Z","level":"info","event":"CREATE TABLE","logger":"task.stdout"}
{"timestamp":"2026-03-15T16:38:34.464782Z","level":"info","event":"DROP TABLE","logger":"task.stdout"}
{"timestamp":"2026-03-15T16:38:34.464813Z","level":"info","event":"CREATE TABLE","logger":"task.stdout"}
{"timestamp":"2026-03-15T16:38:34.464844Z","level":"info","event":"DROP TABLE","logger":"task.stdout"}
{"timestamp":"2026-03-15T16:38:34.464889Z","level":"info","event":"CREATE TABLE","logger":"task.stdout"}
{"timestamp":"2026-03-15T16:38:34.464927Z","level":"info","event":"","logger":"task.stdout"}
{"timestamp":"2026-03-15T16:38:34.464959Z","level":"info","event":"Done: /opt/airflow/scripts/bronze/ddl_bronze.SQL","logger":"task.stdout"}
{"timestamp":"2026-03-15T16:38:34.464624Z","level":"info","event":"Done. Returned value was: None","logger":"airflow.task.operators.airflow.providers.standard.operators.python.PythonOperator","filename":"python.py","lineno":230}
{"timestamp":"2026-03-15T16:38:34.470391Z","level":"info","event":"Task instance in success state","logger":"task.stdout"}
{"timestamp":"2026-03-15T16:38:34.470468Z","level":"info","event":" Previous state of the Task instance: TaskInstanceState.RUNNING","logger":"task.stdout"}
{"timestamp":"2026-03-15T16:38:34.470588Z","level":"info","event":"Task operator:<Task(PythonOperator): bronze_ddl>","logger":"task.stdout"}
